{
  "RSpec": {
    "coverage": {
      "/Users/rcl/turing/3module/projects/sweater_weather_api/app/controllers/api/v1/forecast_controller.rb": {
        "lines": [
          1,
          1,
          1,
          1,
          null,
          null
        ]
      },
      "/Users/rcl/turing/3module/projects/sweater_weather_api/app/controllers/application_controller.rb": {
        "lines": [
          1,
          null
        ]
      },
      "/Users/rcl/turing/3module/projects/sweater_weather_api/app/facades/forecast_facade.rb": {
        "lines": [
          1,
          1,
          1,
          1,
          1,
          null,
          null
        ]
      },
      "/Users/rcl/turing/3module/projects/sweater_weather_api/app/services/map_service.rb": {
        "lines": [
          1,
          1,
          1,
          1,
          null,
          null,
          1,
          1,
          1,
          null,
          null
        ]
      },
      "/Users/rcl/turing/3module/projects/sweater_weather_api/app/services/weather_service.rb": {
        "lines": [
          1,
          1,
          1,
          1,
          null,
          null,
          1,
          1,
          1,
          null,
          null
        ]
      },
      "/Users/rcl/turing/3module/projects/sweater_weather_api/app/serializers/forecast_serializer.rb": {
        "lines": [
          1,
          1,
          1,
          null
        ]
      }
    },
    "timestamp": 1650845443
  }
}
